# JRE version: Java(TM) SE Runtime Environment (8.0_25-b18) (build 1.8.0_25-b18)
# Java VM: Java HotSpot(TM) 64-Bit Server VM (25.25-b02 mixed mode windows-amd64 compressed oops)
Heap:
 PSYoungGen      total 18944K, used 17898K [0x00000000eb200000, 0x00000000ec700000, 0x0000000100000000)
  eden space 16384K, 94% used [0x00000000eb200000,0x00000000ec10bce8,0x00000000ec200000)
  from space 2560K, 97% used [0x00000000ec480000,0x00000000ec6eeea0,0x00000000ec700000)
  to   space 2560K, 0% used [0x00000000ec200000,0x00000000ec200000,0x00000000ec480000)
 ParOldGen       total 44032K, used 22338K [0x00000000c1600000, 0x00000000c4100000, 0x00000000eb200000)
  object space 44032K, 50% used [0x00000000c1600000,0x00000000c2bd0880,0x00000000c4100000)
 Metaspace       used 10051K, capacity 10268K, committed 10496K, reserved 1058816K
  class space    used 1182K, capacity 1251K, committed 1280K, reserved 1048576K
GC Heap History (4 events):
Event: 2.958 GC heap before
{Heap before GC invocations=1 (full 0):
 PSYoungGen      total 18944K, used 12022K [0x00000000eb200000, 0x00000000ec700000, 0x0000000100000000)
  eden space 16384K, 73% used [0x00000000eb200000,0x00000000ebdbda48,0x00000000ec200000)
  from space 2560K, 0% used [0x00000000ec480000,0x00000000ec480000,0x00000000ec700000)
  to   space 2560K, 0% used [0x00000000ec200000,0x00000000ec200000,0x00000000ec480000)
 ParOldGen       total 44032K, used 0K [0x00000000c1600000, 0x00000000c4100000, 0x00000000eb200000)
  object space 44032K, 0% used [0x00000000c1600000,0x00000000c1600000,0x00000000c4100000)
 Metaspace       used 9636K, capacity 9838K, committed 9984K, reserved 1058816K
  class space    used 1169K, capacity 1215K, committed 1280K, reserved 1048576K
Event: 2.970 GC heap after
Heap after GC invocations=1 (full 0):
 PSYoungGen      total 18944K, used 2418K [0x00000000eb200000, 0x00000000ec700000, 0x0000000100000000)
  eden space 16384K, 0% used [0x00000000eb200000,0x00000000eb200000,0x00000000ec200000)
  from space 2560K, 94% used [0x00000000ec200000,0x00000000ec45c8e0,0x00000000ec480000)
  to   space 2560K, 0% used [0x00000000ec480000,0x00000000ec480000,0x00000000ec700000)
 ParOldGen       total 44032K, used 5596K [0x00000000c1600000, 0x00000000c4100000, 0x00000000eb200000)
  object space 44032K, 12% used [0x00000000c1600000,0x00000000c1b771d0,0x00000000c4100000)
 Metaspace       used 9636K, capacity 9838K, committed 9984K, reserved 1058816K
  class space    used 1169K, capacity 1215K, committed 1280K, reserved 1048576K
}
Event: 3.051 GC heap before
{Heap before GC invocations=2 (full 0):
 PSYoungGen      total 18944K, used 18802K [0x00000000eb200000, 0x00000000ec700000, 0x0000000100000000)
  eden space 16384K, 100% used [0x00000000eb200000,0x00000000ec200000,0x00000000ec200000)
  from space 2560K, 94% used [0x00000000ec200000,0x00000000ec45c8e0,0x00000000ec480000)
  to   space 2560K, 0% used [0x00000000ec480000,0x00000000ec480000,0x00000000ec700000)
 ParOldGen       total 44032K, used 5596K [0x00000000c1600000, 0x00000000c4100000, 0x00000000eb200000)
  object space 44032K, 12% used [0x00000000c1600000,0x00000000c1b771d0,0x00000000c4100000)
 Metaspace       used 9639K, capacity 9838K, committed 9984K, reserved 1058816K
  class space    used 1169K, capacity 1215K, committed 1280K, reserved 1048576K
Event: 3.072 GC heap after
Heap after GC invocations=2 (full 0):
 PSYoungGen      total 18944K, used 2491K [0x00000000eb200000, 0x00000000ec700000, 0x0000000100000000)
  eden space 16384K, 0% used [0x00000000eb200000,0x00000000eb200000,0x00000000ec200000)
  from space 2560K, 97% used [0x00000000ec480000,0x00000000ec6eeea0,0x00000000ec700000)
  to   space 2560K, 0% used [0x00000000ec200000,0x00000000ec200000,0x00000000ec480000)
 ParOldGen       total 44032K, used 22338K [0x00000000c1600000, 0x00000000c4100000, 0x00000000eb200000)
  object space 44032K, 50% used [0x00000000c1600000,0x00000000c2bd0880,0x00000000c4100000)
 Metaspace       used 9639K, capacity 9838K, committed 9984K, reserved 1058816K
  class space    used 1169K, capacity 1215K, committed 1280K, reserved 1048576K
}

